{"level":"info","message":"Listening on port 3000...","timestamp":"2020-08-10T18:28:59.860Z"}
{"level":"info","message":"Connected to mongodb://localhost/movily_tests...","timestamp":"2020-08-10T18:29:01.875Z"}
{"level":"info","message":"Listening on port 3000...","timestamp":"2020-08-10T18:29:04.536Z"}
{"level":"info","message":"Connected to mongodb://localhost/movily_tests...","timestamp":"2020-08-10T18:29:06.547Z"}
{"level":"info","message":"Listening on port 3000...","timestamp":"2020-08-10T18:29:09.285Z"}
{"level":"info","message":"Connected to mongodb://localhost/movily_tests...","timestamp":"2020-08-10T18:29:11.297Z"}
{"level":"info","message":"Listening on port 3000...","timestamp":"2020-08-10T18:33:21.225Z"}
{"level":"info","message":"Connected to mongodb://localhost/movily_tests...","timestamp":"2020-08-10T18:33:23.238Z"}
{"level":"info","message":"Listening on port 3000...","timestamp":"2020-08-10T18:33:25.940Z"}
{"level":"info","message":"Connected to mongodb://localhost/movily_tests...","timestamp":"2020-08-10T18:33:27.950Z"}
{"level":"info","message":"Listening on port 3000...","timestamp":"2020-08-10T18:33:30.482Z"}
{"level":"info","message":"Connected to mongodb://localhost/movily_tests...","timestamp":"2020-08-10T18:33:32.493Z"}
{"level":"info","message":"Listening on port 3000...","timestamp":"2020-08-10T18:34:02.943Z"}
{"level":"info","message":"Connected to mongodb://localhost/movily_tests...","timestamp":"2020-08-10T18:34:04.960Z"}
{"level":"info","message":"Listening on port 3000...","timestamp":"2020-08-10T18:34:07.642Z"}
{"level":"info","message":"Connected to mongodb://localhost/movily_tests...","timestamp":"2020-08-10T18:34:09.657Z"}
{"level":"info","message":"Listening on port 3000...","timestamp":"2020-08-10T18:34:12.197Z"}
{"level":"info","message":"Connected to mongodb://localhost/movily_tests...","timestamp":"2020-08-10T18:34:14.209Z"}
{"level":"info","message":"Listening on port 3000...","timestamp":"2020-08-10T18:37:20.092Z"}
{"level":"info","message":"Connected to mongodb://localhost/movily_tests...","timestamp":"2020-08-10T18:37:22.107Z"}
{"level":"info","message":"Listening on port 3000...","timestamp":"2020-08-10T18:37:24.742Z"}
{"level":"info","message":"Connected to mongodb://localhost/movily_tests...","timestamp":"2020-08-10T18:37:26.755Z"}
{"level":"info","message":"Listening on port 3000...","timestamp":"2020-08-10T18:37:29.298Z"}
{"level":"info","message":"Connected to mongodb://localhost/movily_tests...","timestamp":"2020-08-10T18:37:31.311Z"}
{"level":"info","message":"Listening on port 3000...","timestamp":"2020-08-10T18:38:02.756Z"}
{"level":"info","message":"Connected to mongodb://localhost/movily_tests...","timestamp":"2020-08-10T18:38:04.770Z"}
{"level":"info","message":"Listening on port 3000...","timestamp":"2020-08-10T18:38:07.484Z"}
{"level":"info","message":"Connected to mongodb://localhost/movily_tests...","timestamp":"2020-08-10T18:38:09.497Z"}
{"level":"info","message":"Listening on port 3000...","timestamp":"2020-08-10T18:38:12.162Z"}
{"level":"info","message":"Connected to mongodb://localhost/movily_tests...","timestamp":"2020-08-10T18:38:14.174Z"}
{"level":"info","message":"Listening on port 3000...","timestamp":"2020-08-10T18:38:22.078Z"}
{"level":"info","message":"Connected to mongodb://localhost/movily_tests...","timestamp":"2020-08-10T18:38:24.093Z"}
{"level":"info","message":"Listening on port 3000...","timestamp":"2020-08-10T18:38:26.703Z"}
{"level":"info","message":"Connected to mongodb://localhost/movily_tests...","timestamp":"2020-08-10T18:38:28.714Z"}
{"level":"info","message":"Listening on port 3000...","timestamp":"2020-08-10T18:38:31.228Z"}
{"level":"info","message":"Connected to mongodb://localhost/movily_tests...","timestamp":"2020-08-10T18:38:33.240Z"}
{"level":"info","message":"Listening on port 3000...","timestamp":"2020-08-10T18:41:30.267Z"}
{"level":"info","message":"Connected to mongodb://localhost/movily_tests...","timestamp":"2020-08-10T18:41:32.287Z"}
{"level":"info","message":"Listening on port 3000...","timestamp":"2020-08-10T18:41:34.963Z"}
{"level":"info","message":"Connected to mongodb://localhost/movily_tests...","timestamp":"2020-08-10T18:41:36.979Z"}
{"level":"info","message":"Listening on port 3000...","timestamp":"2020-08-10T18:41:39.529Z"}
{"level":"info","message":"Connected to mongodb://localhost/movily_tests...","timestamp":"2020-08-10T18:41:41.541Z"}
{"level":"info","message":"Listening on port 3000...","timestamp":"2020-08-10T18:41:52.505Z"}
{"level":"info","message":"Connected to mongodb://localhost/movily_tests...","timestamp":"2020-08-10T18:41:54.520Z"}
{"level":"info","message":"Listening on port 3000...","timestamp":"2020-08-10T18:41:57.188Z"}
{"level":"info","message":"Connected to mongodb://localhost/movily_tests...","timestamp":"2020-08-10T18:41:59.201Z"}
{"level":"info","message":"Listening on port 3000...","timestamp":"2020-08-10T18:42:02.024Z"}
{"level":"info","message":"Connected to mongodb://localhost/movily_tests...","timestamp":"2020-08-10T18:42:04.036Z"}
{"level":"info","message":"Listening on port 3000...","timestamp":"2020-08-10T18:42:17.269Z"}
{"level":"info","message":"Connected to mongodb://localhost/movily_tests...","timestamp":"2020-08-10T18:42:19.286Z"}
{"level":"info","message":"Listening on port 3000...","timestamp":"2020-08-10T18:42:22.019Z"}
{"level":"info","message":"Connected to mongodb://localhost/movily_tests...","timestamp":"2020-08-10T18:42:24.035Z"}
{"level":"info","message":"Listening on port 3000...","timestamp":"2020-08-10T18:42:26.589Z"}
{"level":"info","message":"Connected to mongodb://localhost/movily_tests...","timestamp":"2020-08-10T18:42:28.601Z"}
{"level":"info","message":"Listening on port 3000...","timestamp":"2020-08-10T18:42:47.015Z"}
{"level":"info","message":"Connected to mongodb://localhost/movily_tests...","timestamp":"2020-08-10T18:42:49.029Z"}
{"level":"info","message":"Listening on port 3000...","timestamp":"2020-08-10T18:42:51.672Z"}
{"level":"info","message":"Connected to mongodb://localhost/movily_tests...","timestamp":"2020-08-10T18:42:53.685Z"}
{"level":"info","message":"Listening on port 3000...","timestamp":"2020-08-10T18:42:56.273Z"}
{"level":"info","message":"Connected to mongodb://localhost/movily_tests...","timestamp":"2020-08-10T18:42:58.285Z"}
{"level":"info","message":"Listening on port 3000...","timestamp":"2020-08-10T18:43:19.200Z"}
{"level":"info","message":"Listening on port 3000...","timestamp":"2020-08-10T18:43:27.953Z"}
{"level":"info","message":"Connected to mongodb://localhost/movily_tests...","timestamp":"2020-08-10T18:43:29.968Z"}
{"level":"info","message":"Listening on port 3000...","timestamp":"2020-08-10T18:43:32.837Z"}
{"level":"info","message":"Connected to mongodb://localhost/movily_tests...","timestamp":"2020-08-10T18:43:34.849Z"}
{"level":"info","message":"Listening on port 3000...","timestamp":"2020-08-10T18:43:37.504Z"}
{"level":"info","message":"Connected to mongodb://localhost/movily_tests...","timestamp":"2020-08-10T18:43:39.516Z"}
{"level":"info","message":"Listening on port 3000...","timestamp":"2020-08-10T18:44:28.762Z"}
{"level":"info","message":"Connected to mongodb://localhost/movily_tests...","timestamp":"2020-08-10T18:44:30.786Z"}
{"level":"info","message":"Listening on port 3000...","timestamp":"2020-08-10T18:44:33.721Z"}
{"level":"info","message":"Connected to mongodb://localhost/movily_tests...","timestamp":"2020-08-10T18:44:35.733Z"}
{"level":"info","message":"Listening on port 3000...","timestamp":"2020-08-10T18:44:38.458Z"}
{"level":"info","message":"Connected to mongodb://localhost/movily_tests...","timestamp":"2020-08-10T18:44:40.471Z"}
{"level":"info","message":"Listening on port 3000...","timestamp":"2020-08-10T18:45:24.592Z"}
{"level":"info","message":"Connected to mongodb://localhost/movily_tests...","timestamp":"2020-08-10T18:45:26.610Z"}
{"level":"info","message":"Listening on port 3000...","timestamp":"2020-08-10T18:45:29.292Z"}
{"level":"info","message":"Connected to mongodb://localhost/movily_tests...","timestamp":"2020-08-10T18:45:31.310Z"}
{"level":"info","message":"Listening on port 3000...","timestamp":"2020-08-10T18:45:34.174Z"}
{"level":"info","message":"Connected to mongodb://localhost/movily_tests...","timestamp":"2020-08-10T18:45:36.196Z"}
{"level":"info","message":"Listening on port 3000...","timestamp":"2020-08-10T18:45:57.896Z"}
{"level":"info","message":"Connected to mongodb://localhost/movily_tests...","timestamp":"2020-08-10T18:45:59.915Z"}
{"level":"info","message":"Listening on port 3000...","timestamp":"2020-08-10T18:46:02.698Z"}
{"level":"info","message":"Connected to mongodb://localhost/movily_tests...","timestamp":"2020-08-10T18:46:04.709Z"}
{"level":"info","message":"Listening on port 3000...","timestamp":"2020-08-10T18:46:07.404Z"}
{"level":"info","message":"Connected to mongodb://localhost/movily_tests...","timestamp":"2020-08-10T18:46:09.418Z"}
{"level":"info","message":"Listening on port 3000...","timestamp":"2020-08-10T18:46:26.176Z"}
{"level":"info","message":"Connected to mongodb://localhost/movily_tests...","timestamp":"2020-08-10T18:46:28.193Z"}
{"level":"info","message":"Listening on port 3000...","timestamp":"2020-08-10T18:46:30.855Z"}
{"level":"info","message":"Connected to mongodb://localhost/movily_tests...","timestamp":"2020-08-10T18:46:32.868Z"}
{"level":"info","message":"Listening on port 3001...","timestamp":"2020-08-10T18:46:41.839Z"}
{"level":"info","message":"Connected to mongodb://localhost/movily_tests...","timestamp":"2020-08-10T18:46:43.854Z"}
{"level":"info","message":"Listening on port 3001...","timestamp":"2020-08-10T18:46:46.493Z"}
{"level":"info","message":"Connected to mongodb://localhost/movily_tests...","timestamp":"2020-08-10T18:46:48.505Z"}
{"level":"info","message":"Listening on port 3001...","timestamp":"2020-08-10T18:46:51.154Z"}
{"level":"info","message":"Connected to mongodb://localhost/movily_tests...","timestamp":"2020-08-10T18:46:53.167Z"}
{"level":"info","message":"Listening on port 3001...","timestamp":"2020-08-10T18:47:41.404Z"}
{"level":"info","message":"Connected to mongodb://localhost/movily_tests...","timestamp":"2020-08-10T18:47:43.417Z"}
{"level":"info","message":"Listening on port 3001...","timestamp":"2020-08-10T18:47:46.169Z"}
{"level":"info","message":"Connected to mongodb://localhost/movily_tests...","timestamp":"2020-08-10T18:47:48.205Z"}
{"level":"info","message":"Listening on port 3001...","timestamp":"2020-08-10T18:47:50.847Z"}
{"level":"info","message":"Connected to mongodb://localhost/movily_tests...","timestamp":"2020-08-10T18:47:52.861Z"}
{"level":"info","message":"Listening on port 3001...","timestamp":"2020-08-10T18:47:57.397Z"}
{"level":"info","message":"Connected to mongodb://localhost/movily_tests...","timestamp":"2020-08-10T18:47:59.412Z"}
{"level":"info","message":"Listening on port 3001...","timestamp":"2020-08-10T18:48:02.243Z"}
{"level":"info","message":"Connected to mongodb://localhost/movily_tests...","timestamp":"2020-08-10T18:48:04.256Z"}
{"level":"info","message":"Listening on port 3001...","timestamp":"2020-08-10T18:48:06.853Z"}
{"level":"info","message":"Connected to mongodb://localhost/movily_tests...","timestamp":"2020-08-10T18:48:08.863Z"}
{"level":"info","message":"Listening on port 3001...","timestamp":"2020-08-10T19:12:54.836Z"}
{"level":"info","message":"Connected to mongodb://localhost/movily_tests...","timestamp":"2020-08-10T19:12:56.852Z"}
{"level":"info","message":"Listening on port 3001...","timestamp":"2020-08-10T19:12:59.611Z"}
{"level":"info","message":"Connected to mongodb://localhost/movily_tests...","timestamp":"2020-08-10T19:13:01.637Z"}
{"level":"info","message":"Listening on port 3001...","timestamp":"2020-08-10T19:13:04.324Z"}
{"level":"info","message":"Connected to mongodb://localhost/movily_tests...","timestamp":"2020-08-10T19:13:06.338Z"}
{"level":"info","message":"Listening on port 3001...","timestamp":"2020-08-10T19:14:17.732Z"}
{"level":"info","message":"Connected to mongodb://localhost/movily_tests...","timestamp":"2020-08-10T19:14:19.748Z"}
{"level":"info","message":"Listening on port 3001...","timestamp":"2020-08-10T19:14:22.408Z"}
{"level":"info","message":"Connected to mongodb://localhost/movily_tests...","timestamp":"2020-08-10T19:14:24.433Z"}
{"level":"info","message":"Listening on port 3001...","timestamp":"2020-08-10T19:14:27.067Z"}
{"level":"info","message":"Connected to mongodb://localhost/movily_tests...","timestamp":"2020-08-10T19:14:29.078Z"}
{"level":"info","message":"Listening on port 3001...","timestamp":"2020-08-10T19:14:39.317Z"}
{"level":"info","message":"Connected to mongodb://localhost/movily_tests...","timestamp":"2020-08-10T19:14:41.329Z"}
{"level":"info","message":"Listening on port 3001...","timestamp":"2020-08-10T19:14:44.004Z"}
{"level":"info","message":"Connected to mongodb://localhost/movily_tests...","timestamp":"2020-08-10T19:14:46.017Z"}
{"level":"info","message":"Listening on port 3001...","timestamp":"2020-08-10T19:14:48.746Z"}
{"level":"info","message":"Connected to mongodb://localhost/movily_tests...","timestamp":"2020-08-10T19:14:50.777Z"}
{"level":"info","message":"Listening on port 3001...","timestamp":"2020-08-13T15:28:18.308Z"}
{"level":"info","message":"Connected to mongodb://localhost/movily...","timestamp":"2020-08-13T15:28:20.338Z"}
{"level":"info","message":"Listening on port 3001...","timestamp":"2020-08-13T15:28:28.872Z"}
{"level":"info","message":"Connected to mongodb://localhost/movily...","timestamp":"2020-08-13T15:28:30.892Z"}
{"level":"info","message":"Listening on port 3001...","timestamp":"2020-08-13T15:28:43.088Z"}
{"level":"info","message":"Connected to mongodb://localhost/movily...","timestamp":"2020-08-13T15:28:45.106Z"}
{"level":"info","message":"Listening on port 3001...","timestamp":"2020-08-13T15:29:36.820Z"}
{"level":"info","message":"Connected to mongodb://localhost/movily...","timestamp":"2020-08-13T15:29:38.839Z"}
{"level":"info","message":"Listening on port 3001...","timestamp":"2020-08-13T15:31:10.240Z"}
{"level":"info","message":"Connected to mongodb://localhost/movily_tests...","timestamp":"2020-08-13T15:31:12.258Z"}
{"level":"info","message":"Listening on port 3001...","timestamp":"2020-08-13T15:31:20.445Z"}
{"level":"info","message":"Connected to mongodb://localhost/movily...","timestamp":"2020-08-13T15:31:22.464Z"}
{"level":"info","message":"Listening on port 3000...","timestamp":"2020-08-13T15:34:05.787Z"}
{"level":"info","message":"Connected to mongodb://localhost/movily...","timestamp":"2020-08-13T15:34:07.807Z"}
{"level":"info","message":"Listening on port 3002...","timestamp":"2020-08-15T16:09:03.291Z"}
{"level":"info","message":"Connected to mongodb://localhost/movily...","timestamp":"2020-08-15T16:09:05.328Z"}
{"message":"Movies validation failed: title: Path `title` (`Hulk`) is shorter than the minimum allowed length (5).","errors":{"title":{"message":"Path `title` (`Hulk`) is shorter than the minimum allowed length (5).","name":"ValidatorError","properties":{"message":"Path `{PATH}` (`{VALUE}`) is shorter than the minimum allowed length (5).","type":"minlength","minlength":5,"path":"title","value":"Hulk"},"kind":"minlength","path":"title","value":"Hulk","$isValidatorError":true}},"_message":"Movies validation failed","stack":"ValidationError: title: Path `title` (`Hulk`) is shorter than the minimum allowed length (5).\n    at new ValidationError (C:\\Users\\redli\\OneDrive\\Desktop\\movily\\movily-backend\\node_modules\\mongoose\\lib\\error\\validation.js:27:11)\n    at model.Document.invalidate (C:\\Users\\redli\\OneDrive\\Desktop\\movily\\movily-backend\\node_modules\\mongoose\\lib\\document.js:1656:32)\n    at C:\\Users\\redli\\OneDrive\\Desktop\\movily\\movily-backend\\node_modules\\mongoose\\lib\\document.js:1528:17\n    at Immediate.<anonymous> (C:\\Users\\redli\\OneDrive\\Desktop\\movily\\movily-backend\\node_modules\\mongoose\\lib\\schematype.js:785:9)\n    at processImmediate (internal/timers.js:456:21)\nFrom previous event:\n    at Object.promiseOrCallback (C:\\Users\\redli\\OneDrive\\Desktop\\movily\\movily-backend\\node_modules\\mongoose\\lib\\utils.js:221:10)\n    at model.Model.save (C:\\Users\\redli\\OneDrive\\Desktop\\movily\\movily-backend\\node_modules\\mongoose\\lib\\model.js:331:16)\n    at C:\\Users\\redli\\OneDrive\\Desktop\\movily\\movily-backend\\routes\\movies.js:28:15","name":"ValidationError","__stackCleaned__":true,"level":"error","timestamp":"2020-08-15T16:14:35.298Z"}
{"message":"Movies validation failed: title: Path `title` (`Hulk`) is shorter than the minimum allowed length (5).","errors":{"title":{"message":"Path `title` (`Hulk`) is shorter than the minimum allowed length (5).","name":"ValidatorError","properties":{"message":"Path `{PATH}` (`{VALUE}`) is shorter than the minimum allowed length (5).","type":"minlength","minlength":5,"path":"title","value":"Hulk"},"kind":"minlength","path":"title","value":"Hulk","$isValidatorError":true}},"_message":"Movies validation failed","stack":"ValidationError: title: Path `title` (`Hulk`) is shorter than the minimum allowed length (5).\n    at new ValidationError (C:\\Users\\redli\\OneDrive\\Desktop\\movily\\movily-backend\\node_modules\\mongoose\\lib\\error\\validation.js:27:11)\n    at model.Document.invalidate (C:\\Users\\redli\\OneDrive\\Desktop\\movily\\movily-backend\\node_modules\\mongoose\\lib\\document.js:1656:32)\n    at C:\\Users\\redli\\OneDrive\\Desktop\\movily\\movily-backend\\node_modules\\mongoose\\lib\\document.js:1528:17\n    at Immediate.<anonymous> (C:\\Users\\redli\\OneDrive\\Desktop\\movily\\movily-backend\\node_modules\\mongoose\\lib\\schematype.js:785:9)\n    at processImmediate (internal/timers.js:456:21)\nFrom previous event:\n    at Object.promiseOrCallback (C:\\Users\\redli\\OneDrive\\Desktop\\movily\\movily-backend\\node_modules\\mongoose\\lib\\utils.js:221:10)\n    at model.Model.save (C:\\Users\\redli\\OneDrive\\Desktop\\movily\\movily-backend\\node_modules\\mongoose\\lib\\model.js:331:16)\n    at C:\\Users\\redli\\OneDrive\\Desktop\\movily\\movily-backend\\routes\\movies.js:28:15","name":"ValidationError","__stackCleaned__":true,"level":"error","timestamp":"2020-08-15T16:14:39.980Z"}
{"level":"info","message":"Listening on port 3002...","timestamp":"2020-08-15T16:27:04.050Z"}
{"level":"info","message":"Connected to mongodb://localhost/movily...","timestamp":"2020-08-15T16:27:06.069Z"}
{"level":"info","message":"Listening on port 3002...","timestamp":"2020-08-20T16:08:47.341Z"}
{"level":"info","message":"Connected to mongodb://localhost/movily_tests...","timestamp":"2020-08-20T16:08:49.406Z"}
{"level":"info","message":"Listening on port 3002...","timestamp":"2020-08-20T16:09:34.762Z"}
{"level":"info","message":"Connected to mongodb://localhost/movily...","timestamp":"2020-08-20T16:09:36.793Z"}
{"level":"info","message":"Listening on port 3002...","timestamp":"2020-08-21T14:15:45.361Z"}
{"level":"info","message":"Connected to mongodb://localhost/movily...","timestamp":"2020-08-21T14:15:47.385Z"}
{"level":"info","message":"Listening on port 3002...","timestamp":"2020-08-21T14:20:05.944Z"}
{"level":"info","message":"Connected to mongodb://localhost/movily...","timestamp":"2020-08-21T14:20:07.963Z"}
{"level":"info","message":"Listening on port 3002...","timestamp":"2020-08-21T14:20:53.079Z"}
{"level":"info","message":"Connected to mongodb://localhost/movily...","timestamp":"2020-08-21T14:20:55.106Z"}
{"level":"info","message":"Listening on port 3002...","timestamp":"2020-08-21T15:53:10.480Z"}
{"level":"info","message":"Connected to mongodb://localhost/movily...","timestamp":"2020-08-21T15:53:12.530Z"}
{"level":"info","message":"Listening on port 3002...","timestamp":"2020-08-21T15:55:14.167Z"}
{"level":"info","message":"Connected to mongodb://localhost/movily...","timestamp":"2020-08-21T15:55:16.231Z"}
{"level":"info","message":"Listening on port 3002...","timestamp":"2020-08-21T15:57:11.850Z"}
{"level":"info","message":"Connected to mongodb://localhost/movily...","timestamp":"2020-08-21T15:57:13.910Z"}
{"message":"Cannot read property 'genreId' of undefined","stack":"TypeError: Cannot read property 'genreId' of undefined\n    at C:\\Users\\redli\\OneDrive\\Desktop\\movily\\movily-backend\\routes\\movies.js:16:52\n    at newFn (C:\\Users\\redli\\OneDrive\\Desktop\\movily\\movily-backend\\node_modules\\express-async-errors\\index.js:16:20)\n    at Layer.handle [as handle_request] (C:\\Users\\redli\\OneDrive\\Desktop\\movily\\movily-backend\\node_modules\\express\\lib\\router\\layer.js:95:5)\n    at next (C:\\Users\\redli\\OneDrive\\Desktop\\movily\\movily-backend\\node_modules\\express\\lib\\router\\route.js:137:13)\n    at Route.dispatch (C:\\Users\\redli\\OneDrive\\Desktop\\movily\\movily-backend\\node_modules\\express\\lib\\router\\route.js:112:3)\n    at newFn (C:\\Users\\redli\\OneDrive\\Desktop\\movily\\movily-backend\\node_modules\\express-async-errors\\index.js:16:20)\n    at Layer.handle [as handle_request] (C:\\Users\\redli\\OneDrive\\Desktop\\movily\\movily-backend\\node_modules\\express\\lib\\router\\layer.js:95:5)\n    at C:\\Users\\redli\\OneDrive\\Desktop\\movily\\movily-backend\\node_modules\\express\\lib\\router\\index.js:281:22\n    at Function.process_params (C:\\Users\\redli\\OneDrive\\Desktop\\movily\\movily-backend\\node_modules\\express\\lib\\router\\index.js:335:12)\n    at next (C:\\Users\\redli\\OneDrive\\Desktop\\movily\\movily-backend\\node_modules\\express\\lib\\router\\index.js:275:10)\n    at Function.handle (C:\\Users\\redli\\OneDrive\\Desktop\\movily\\movily-backend\\node_modules\\express\\lib\\router\\index.js:174:3)\n    at router (C:\\Users\\redli\\OneDrive\\Desktop\\movily\\movily-backend\\node_modules\\express\\lib\\router\\index.js:47:12)\n    at newFn (C:\\Users\\redli\\OneDrive\\Desktop\\movily\\movily-backend\\node_modules\\express-async-errors\\index.js:16:20)\n    at Layer.handle [as handle_request] (C:\\Users\\redli\\OneDrive\\Desktop\\movily\\movily-backend\\node_modules\\express\\lib\\router\\layer.js:95:5)\n    at trim_prefix (C:\\Users\\redli\\OneDrive\\Desktop\\movily\\movily-backend\\node_modules\\express\\lib\\router\\index.js:317:13)\n    at C:\\Users\\redli\\OneDrive\\Desktop\\movily\\movily-backend\\node_modules\\express\\lib\\router\\index.js:284:7","level":"error","timestamp":"2020-08-21T15:57:23.164Z"}
{"message":"Cannot read property 'genreId' of undefined","stack":"TypeError: Cannot read property 'genreId' of undefined\n    at C:\\Users\\redli\\OneDrive\\Desktop\\movily\\movily-backend\\routes\\movies.js:16:52\n    at newFn (C:\\Users\\redli\\OneDrive\\Desktop\\movily\\movily-backend\\node_modules\\express-async-errors\\index.js:16:20)\n    at Layer.handle [as handle_request] (C:\\Users\\redli\\OneDrive\\Desktop\\movily\\movily-backend\\node_modules\\express\\lib\\router\\layer.js:95:5)\n    at next (C:\\Users\\redli\\OneDrive\\Desktop\\movily\\movily-backend\\node_modules\\express\\lib\\router\\route.js:137:13)\n    at Route.dispatch (C:\\Users\\redli\\OneDrive\\Desktop\\movily\\movily-backend\\node_modules\\express\\lib\\router\\route.js:112:3)\n    at newFn (C:\\Users\\redli\\OneDrive\\Desktop\\movily\\movily-backend\\node_modules\\express-async-errors\\index.js:16:20)\n    at Layer.handle [as handle_request] (C:\\Users\\redli\\OneDrive\\Desktop\\movily\\movily-backend\\node_modules\\express\\lib\\router\\layer.js:95:5)\n    at C:\\Users\\redli\\OneDrive\\Desktop\\movily\\movily-backend\\node_modules\\express\\lib\\router\\index.js:281:22\n    at Function.process_params (C:\\Users\\redli\\OneDrive\\Desktop\\movily\\movily-backend\\node_modules\\express\\lib\\router\\index.js:335:12)\n    at next (C:\\Users\\redli\\OneDrive\\Desktop\\movily\\movily-backend\\node_modules\\express\\lib\\router\\index.js:275:10)\n    at Function.handle (C:\\Users\\redli\\OneDrive\\Desktop\\movily\\movily-backend\\node_modules\\express\\lib\\router\\index.js:174:3)\n    at router (C:\\Users\\redli\\OneDrive\\Desktop\\movily\\movily-backend\\node_modules\\express\\lib\\router\\index.js:47:12)\n    at newFn (C:\\Users\\redli\\OneDrive\\Desktop\\movily\\movily-backend\\node_modules\\express-async-errors\\index.js:16:20)\n    at Layer.handle [as handle_request] (C:\\Users\\redli\\OneDrive\\Desktop\\movily\\movily-backend\\node_modules\\express\\lib\\router\\layer.js:95:5)\n    at trim_prefix (C:\\Users\\redli\\OneDrive\\Desktop\\movily\\movily-backend\\node_modules\\express\\lib\\router\\index.js:317:13)\n    at C:\\Users\\redli\\OneDrive\\Desktop\\movily\\movily-backend\\node_modules\\express\\lib\\router\\index.js:284:7","level":"error","timestamp":"2020-08-21T15:57:52.063Z"}
{"level":"info","message":"Listening on port 3002...","timestamp":"2020-08-21T15:58:11.569Z"}
{"level":"info","message":"Connected to mongodb://localhost/movily...","timestamp":"2020-08-21T15:58:13.604Z"}
{"message":"Cannot read property 'genreId' of undefined","stack":"TypeError: Cannot read property 'genreId' of undefined\n    at C:\\Users\\redli\\OneDrive\\Desktop\\movily\\movily-backend\\routes\\movies.js:17:52\n    at newFn (C:\\Users\\redli\\OneDrive\\Desktop\\movily\\movily-backend\\node_modules\\express-async-errors\\index.js:16:20)\n    at Layer.handle [as handle_request] (C:\\Users\\redli\\OneDrive\\Desktop\\movily\\movily-backend\\node_modules\\express\\lib\\router\\layer.js:95:5)\n    at next (C:\\Users\\redli\\OneDrive\\Desktop\\movily\\movily-backend\\node_modules\\express\\lib\\router\\route.js:137:13)\n    at Route.dispatch (C:\\Users\\redli\\OneDrive\\Desktop\\movily\\movily-backend\\node_modules\\express\\lib\\router\\route.js:112:3)\n    at newFn (C:\\Users\\redli\\OneDrive\\Desktop\\movily\\movily-backend\\node_modules\\express-async-errors\\index.js:16:20)\n    at Layer.handle [as handle_request] (C:\\Users\\redli\\OneDrive\\Desktop\\movily\\movily-backend\\node_modules\\express\\lib\\router\\layer.js:95:5)\n    at C:\\Users\\redli\\OneDrive\\Desktop\\movily\\movily-backend\\node_modules\\express\\lib\\router\\index.js:281:22\n    at Function.process_params (C:\\Users\\redli\\OneDrive\\Desktop\\movily\\movily-backend\\node_modules\\express\\lib\\router\\index.js:335:12)\n    at next (C:\\Users\\redli\\OneDrive\\Desktop\\movily\\movily-backend\\node_modules\\express\\lib\\router\\index.js:275:10)\n    at Function.handle (C:\\Users\\redli\\OneDrive\\Desktop\\movily\\movily-backend\\node_modules\\express\\lib\\router\\index.js:174:3)\n    at router (C:\\Users\\redli\\OneDrive\\Desktop\\movily\\movily-backend\\node_modules\\express\\lib\\router\\index.js:47:12)\n    at newFn (C:\\Users\\redli\\OneDrive\\Desktop\\movily\\movily-backend\\node_modules\\express-async-errors\\index.js:16:20)\n    at Layer.handle [as handle_request] (C:\\Users\\redli\\OneDrive\\Desktop\\movily\\movily-backend\\node_modules\\express\\lib\\router\\layer.js:95:5)\n    at trim_prefix (C:\\Users\\redli\\OneDrive\\Desktop\\movily\\movily-backend\\node_modules\\express\\lib\\router\\index.js:317:13)\n    at C:\\Users\\redli\\OneDrive\\Desktop\\movily\\movily-backend\\node_modules\\express\\lib\\router\\index.js:284:7","level":"error","timestamp":"2020-08-21T15:58:17.934Z"}
{"level":"info","message":"Listening on port 3002...","timestamp":"2020-08-21T15:58:41.290Z"}
{"level":"info","message":"Connected to mongodb://localhost/movily...","timestamp":"2020-08-21T15:58:43.345Z"}
{"message":"Cast to ObjectId failed for value \"5f418af2e448cb0350ca5efch\" at path \"_id\" for model \"Movies\"","stack":"CastError: Cast to ObjectId failed for value \"5f418af2e448cb0350ca5efch\" at path \"_id\" for model \"Movies\"\n    at new CastError (C:\\Users\\redli\\OneDrive\\Desktop\\movily\\movily-backend\\node_modules\\mongoose\\lib\\error\\cast.js:27:11)\n    at ObjectId.cast (C:\\Users\\redli\\OneDrive\\Desktop\\movily\\movily-backend\\node_modules\\mongoose\\lib\\schema\\objectid.js:158:13)\n    at ObjectId.SchemaType.applySetters (C:\\Users\\redli\\OneDrive\\Desktop\\movily\\movily-backend\\node_modules\\mongoose\\lib\\schematype.js:701:12)\n    at ObjectId.SchemaType._castForQuery (C:\\Users\\redli\\OneDrive\\Desktop\\movily\\movily-backend\\node_modules\\mongoose\\lib\\schematype.js:1072:15)\n    at ObjectId.castForQuery (C:\\Users\\redli\\OneDrive\\Desktop\\movily\\movily-backend\\node_modules\\mongoose\\lib\\schema\\objectid.js:198:15)\n    at ObjectId.SchemaType.castForQueryWrapper (C:\\Users\\redli\\OneDrive\\Desktop\\movily\\movily-backend\\node_modules\\mongoose\\lib\\schematype.js:1041:15)\n    at cast (C:\\Users\\redli\\OneDrive\\Desktop\\movily\\movily-backend\\node_modules\\mongoose\\lib\\cast.js:269:32)\n    at model.Query.Query.cast (C:\\Users\\redli\\OneDrive\\Desktop\\movily\\movily-backend\\node_modules\\mongoose\\lib\\query.js:3133:12)\n    at model.Query.Query._castConditions (C:\\Users\\redli\\OneDrive\\Desktop\\movily\\movily-backend\\node_modules\\mongoose\\lib\\query.js:1269:10)\n    at model.Query.Query._findOne (C:\\Users\\redli\\OneDrive\\Desktop\\movily\\movily-backend\\node_modules\\mongoose\\lib\\query.js:1485:8)\n    at C:\\Users\\redli\\OneDrive\\Desktop\\movily\\movily-backend\\node_modules\\kareem\\index.js:276:8\n    at C:\\Users\\redli\\OneDrive\\Desktop\\movily\\movily-backend\\node_modules\\kareem\\index.js:23:7\n    at processTicksAndRejections (internal/process/task_queues.js:79:11)\nFrom previous event:\n    at Object.promiseOrCallback (C:\\Users\\redli\\OneDrive\\Desktop\\movily\\movily-backend\\node_modules\\mongoose\\lib\\utils.js:221:10)\n    at model.Query.exec (C:\\Users\\redli\\OneDrive\\Desktop\\movily\\movily-backend\\node_modules\\mongoose\\lib\\query.js:2948:16)\n    at model.Query.Query.then (C:\\Users\\redli\\OneDrive\\Desktop\\movily\\movily-backend\\node_modules\\mongoose\\lib\\query.js:2975:15)\n    at runMicrotasks (<anonymous>)\n    at processTicksAndRejections (internal/process/task_queues.js:97:5)","name":"CastError","stringValue":"\"5f418af2e448cb0350ca5efch\"","kind":"ObjectId","value":"5f418af2e448cb0350ca5efch","path":"_id","__stackCleaned__":true,"level":"error","timestamp":"2020-08-22T21:28:21.751Z"}
{"message":"Cast to ObjectId failed for value \"5f418af2e448cb0350ca5efch\" at path \"_id\" for model \"Movies\"","stack":"CastError: Cast to ObjectId failed for value \"5f418af2e448cb0350ca5efch\" at path \"_id\" for model \"Movies\"\n    at new CastError (C:\\Users\\redli\\OneDrive\\Desktop\\movily\\movily-backend\\node_modules\\mongoose\\lib\\error\\cast.js:27:11)\n    at ObjectId.cast (C:\\Users\\redli\\OneDrive\\Desktop\\movily\\movily-backend\\node_modules\\mongoose\\lib\\schema\\objectid.js:158:13)\n    at ObjectId.SchemaType.applySetters (C:\\Users\\redli\\OneDrive\\Desktop\\movily\\movily-backend\\node_modules\\mongoose\\lib\\schematype.js:701:12)\n    at ObjectId.SchemaType._castForQuery (C:\\Users\\redli\\OneDrive\\Desktop\\movily\\movily-backend\\node_modules\\mongoose\\lib\\schematype.js:1072:15)\n    at ObjectId.castForQuery (C:\\Users\\redli\\OneDrive\\Desktop\\movily\\movily-backend\\node_modules\\mongoose\\lib\\schema\\objectid.js:198:15)\n    at ObjectId.SchemaType.castForQueryWrapper (C:\\Users\\redli\\OneDrive\\Desktop\\movily\\movily-backend\\node_modules\\mongoose\\lib\\schematype.js:1041:15)\n    at cast (C:\\Users\\redli\\OneDrive\\Desktop\\movily\\movily-backend\\node_modules\\mongoose\\lib\\cast.js:269:32)\n    at model.Query.Query.cast (C:\\Users\\redli\\OneDrive\\Desktop\\movily\\movily-backend\\node_modules\\mongoose\\lib\\query.js:3133:12)\n    at model.Query.Query._castConditions (C:\\Users\\redli\\OneDrive\\Desktop\\movily\\movily-backend\\node_modules\\mongoose\\lib\\query.js:1269:10)\n    at model.Query.Query._findOne (C:\\Users\\redli\\OneDrive\\Desktop\\movily\\movily-backend\\node_modules\\mongoose\\lib\\query.js:1485:8)\n    at C:\\Users\\redli\\OneDrive\\Desktop\\movily\\movily-backend\\node_modules\\kareem\\index.js:276:8\n    at C:\\Users\\redli\\OneDrive\\Desktop\\movily\\movily-backend\\node_modules\\kareem\\index.js:23:7\n    at processTicksAndRejections (internal/process/task_queues.js:79:11)\nFrom previous event:\n    at Object.promiseOrCallback (C:\\Users\\redli\\OneDrive\\Desktop\\movily\\movily-backend\\node_modules\\mongoose\\lib\\utils.js:221:10)\n    at model.Query.exec (C:\\Users\\redli\\OneDrive\\Desktop\\movily\\movily-backend\\node_modules\\mongoose\\lib\\query.js:2948:16)\n    at model.Query.Query.then (C:\\Users\\redli\\OneDrive\\Desktop\\movily\\movily-backend\\node_modules\\mongoose\\lib\\query.js:2975:15)\n    at runMicrotasks (<anonymous>)\n    at processTicksAndRejections (internal/process/task_queues.js:97:5)","name":"CastError","stringValue":"\"5f418af2e448cb0350ca5efch\"","kind":"ObjectId","value":"5f418af2e448cb0350ca5efch","path":"_id","__stackCleaned__":true,"level":"error","timestamp":"2020-08-22T21:30:50.449Z"}
{"message":"Cast to ObjectId failed for value \"5f418af2e448cb0350ca5efch\" at path \"_id\" for model \"Movies\"","stack":"CastError: Cast to ObjectId failed for value \"5f418af2e448cb0350ca5efch\" at path \"_id\" for model \"Movies\"\n    at new CastError (C:\\Users\\redli\\OneDrive\\Desktop\\movily\\movily-backend\\node_modules\\mongoose\\lib\\error\\cast.js:27:11)\n    at ObjectId.cast (C:\\Users\\redli\\OneDrive\\Desktop\\movily\\movily-backend\\node_modules\\mongoose\\lib\\schema\\objectid.js:158:13)\n    at ObjectId.SchemaType.applySetters (C:\\Users\\redli\\OneDrive\\Desktop\\movily\\movily-backend\\node_modules\\mongoose\\lib\\schematype.js:701:12)\n    at ObjectId.SchemaType._castForQuery (C:\\Users\\redli\\OneDrive\\Desktop\\movily\\movily-backend\\node_modules\\mongoose\\lib\\schematype.js:1072:15)\n    at ObjectId.castForQuery (C:\\Users\\redli\\OneDrive\\Desktop\\movily\\movily-backend\\node_modules\\mongoose\\lib\\schema\\objectid.js:198:15)\n    at ObjectId.SchemaType.castForQueryWrapper (C:\\Users\\redli\\OneDrive\\Desktop\\movily\\movily-backend\\node_modules\\mongoose\\lib\\schematype.js:1041:15)\n    at cast (C:\\Users\\redli\\OneDrive\\Desktop\\movily\\movily-backend\\node_modules\\mongoose\\lib\\cast.js:269:32)\n    at model.Query.Query.cast (C:\\Users\\redli\\OneDrive\\Desktop\\movily\\movily-backend\\node_modules\\mongoose\\lib\\query.js:3133:12)\n    at model.Query.Query._castConditions (C:\\Users\\redli\\OneDrive\\Desktop\\movily\\movily-backend\\node_modules\\mongoose\\lib\\query.js:1269:10)\n    at model.Query.Query._findOne (C:\\Users\\redli\\OneDrive\\Desktop\\movily\\movily-backend\\node_modules\\mongoose\\lib\\query.js:1485:8)\n    at C:\\Users\\redli\\OneDrive\\Desktop\\movily\\movily-backend\\node_modules\\kareem\\index.js:276:8\n    at C:\\Users\\redli\\OneDrive\\Desktop\\movily\\movily-backend\\node_modules\\kareem\\index.js:23:7\n    at processTicksAndRejections (internal/process/task_queues.js:79:11)\nFrom previous event:\n    at Object.promiseOrCallback (C:\\Users\\redli\\OneDrive\\Desktop\\movily\\movily-backend\\node_modules\\mongoose\\lib\\utils.js:221:10)\n    at model.Query.exec (C:\\Users\\redli\\OneDrive\\Desktop\\movily\\movily-backend\\node_modules\\mongoose\\lib\\query.js:2948:16)\n    at model.Query.Query.then (C:\\Users\\redli\\OneDrive\\Desktop\\movily\\movily-backend\\node_modules\\mongoose\\lib\\query.js:2975:15)\n    at runMicrotasks (<anonymous>)\n    at processTicksAndRejections (internal/process/task_queues.js:97:5)","name":"CastError","stringValue":"\"5f418af2e448cb0350ca5efch\"","kind":"ObjectId","value":"5f418af2e448cb0350ca5efch","path":"_id","__stackCleaned__":true,"level":"error","timestamp":"2020-08-22T21:30:59.519Z"}
{"message":"Cast to ObjectId failed for value \"5f418af2e448cb0350ca5efch\" at path \"_id\" for model \"Movies\"","stack":"CastError: Cast to ObjectId failed for value \"5f418af2e448cb0350ca5efch\" at path \"_id\" for model \"Movies\"\n    at new CastError (C:\\Users\\redli\\OneDrive\\Desktop\\movily\\movily-backend\\node_modules\\mongoose\\lib\\error\\cast.js:27:11)\n    at ObjectId.cast (C:\\Users\\redli\\OneDrive\\Desktop\\movily\\movily-backend\\node_modules\\mongoose\\lib\\schema\\objectid.js:158:13)\n    at ObjectId.SchemaType.applySetters (C:\\Users\\redli\\OneDrive\\Desktop\\movily\\movily-backend\\node_modules\\mongoose\\lib\\schematype.js:701:12)\n    at ObjectId.SchemaType._castForQuery (C:\\Users\\redli\\OneDrive\\Desktop\\movily\\movily-backend\\node_modules\\mongoose\\lib\\schematype.js:1072:15)\n    at ObjectId.castForQuery (C:\\Users\\redli\\OneDrive\\Desktop\\movily\\movily-backend\\node_modules\\mongoose\\lib\\schema\\objectid.js:198:15)\n    at ObjectId.SchemaType.castForQueryWrapper (C:\\Users\\redli\\OneDrive\\Desktop\\movily\\movily-backend\\node_modules\\mongoose\\lib\\schematype.js:1041:15)\n    at cast (C:\\Users\\redli\\OneDrive\\Desktop\\movily\\movily-backend\\node_modules\\mongoose\\lib\\cast.js:269:32)\n    at model.Query.Query.cast (C:\\Users\\redli\\OneDrive\\Desktop\\movily\\movily-backend\\node_modules\\mongoose\\lib\\query.js:3133:12)\n    at model.Query.Query._castConditions (C:\\Users\\redli\\OneDrive\\Desktop\\movily\\movily-backend\\node_modules\\mongoose\\lib\\query.js:1269:10)\n    at model.Query.Query._findOne (C:\\Users\\redli\\OneDrive\\Desktop\\movily\\movily-backend\\node_modules\\mongoose\\lib\\query.js:1485:8)\n    at C:\\Users\\redli\\OneDrive\\Desktop\\movily\\movily-backend\\node_modules\\kareem\\index.js:276:8\n    at C:\\Users\\redli\\OneDrive\\Desktop\\movily\\movily-backend\\node_modules\\kareem\\index.js:23:7\n    at processTicksAndRejections (internal/process/task_queues.js:79:11)\nFrom previous event:\n    at Object.promiseOrCallback (C:\\Users\\redli\\OneDrive\\Desktop\\movily\\movily-backend\\node_modules\\mongoose\\lib\\utils.js:221:10)\n    at model.Query.exec (C:\\Users\\redli\\OneDrive\\Desktop\\movily\\movily-backend\\node_modules\\mongoose\\lib\\query.js:2948:16)\n    at model.Query.Query.then (C:\\Users\\redli\\OneDrive\\Desktop\\movily\\movily-backend\\node_modules\\mongoose\\lib\\query.js:2975:15)\n    at runMicrotasks (<anonymous>)\n    at processTicksAndRejections (internal/process/task_queues.js:97:5)","name":"CastError","stringValue":"\"5f418af2e448cb0350ca5efch\"","kind":"ObjectId","value":"5f418af2e448cb0350ca5efch","path":"_id","__stackCleaned__":true,"level":"error","timestamp":"2020-08-22T21:31:02.036Z"}
{"message":"Cast to ObjectId failed for value \"5f418d0fe448cb0350ca5f15654654\" at path \"_id\" for model \"Movies\"","stack":"CastError: Cast to ObjectId failed for value \"5f418d0fe448cb0350ca5f15654654\" at path \"_id\" for model \"Movies\"\n    at new CastError (C:\\Users\\redli\\OneDrive\\Desktop\\movily\\movily-backend\\node_modules\\mongoose\\lib\\error\\cast.js:27:11)\n    at ObjectId.cast (C:\\Users\\redli\\OneDrive\\Desktop\\movily\\movily-backend\\node_modules\\mongoose\\lib\\schema\\objectid.js:158:13)\n    at ObjectId.SchemaType.applySetters (C:\\Users\\redli\\OneDrive\\Desktop\\movily\\movily-backend\\node_modules\\mongoose\\lib\\schematype.js:701:12)\n    at ObjectId.SchemaType._castForQuery (C:\\Users\\redli\\OneDrive\\Desktop\\movily\\movily-backend\\node_modules\\mongoose\\lib\\schematype.js:1072:15)\n    at ObjectId.castForQuery (C:\\Users\\redli\\OneDrive\\Desktop\\movily\\movily-backend\\node_modules\\mongoose\\lib\\schema\\objectid.js:198:15)\n    at ObjectId.SchemaType.castForQueryWrapper (C:\\Users\\redli\\OneDrive\\Desktop\\movily\\movily-backend\\node_modules\\mongoose\\lib\\schematype.js:1041:15)\n    at cast (C:\\Users\\redli\\OneDrive\\Desktop\\movily\\movily-backend\\node_modules\\mongoose\\lib\\cast.js:269:32)\n    at model.Query.Query.cast (C:\\Users\\redli\\OneDrive\\Desktop\\movily\\movily-backend\\node_modules\\mongoose\\lib\\query.js:3133:12)\n    at model.Query.Query._castConditions (C:\\Users\\redli\\OneDrive\\Desktop\\movily\\movily-backend\\node_modules\\mongoose\\lib\\query.js:1269:10)\n    at model.Query.Query._findOne (C:\\Users\\redli\\OneDrive\\Desktop\\movily\\movily-backend\\node_modules\\mongoose\\lib\\query.js:1485:8)\n    at C:\\Users\\redli\\OneDrive\\Desktop\\movily\\movily-backend\\node_modules\\kareem\\index.js:276:8\n    at C:\\Users\\redli\\OneDrive\\Desktop\\movily\\movily-backend\\node_modules\\kareem\\index.js:23:7\n    at processTicksAndRejections (internal/process/task_queues.js:79:11)\nFrom previous event:\n    at Object.promiseOrCallback (C:\\Users\\redli\\OneDrive\\Desktop\\movily\\movily-backend\\node_modules\\mongoose\\lib\\utils.js:221:10)\n    at model.Query.exec (C:\\Users\\redli\\OneDrive\\Desktop\\movily\\movily-backend\\node_modules\\mongoose\\lib\\query.js:2948:16)\n    at model.Query.Query.then (C:\\Users\\redli\\OneDrive\\Desktop\\movily\\movily-backend\\node_modules\\mongoose\\lib\\query.js:2975:15)\n    at runMicrotasks (<anonymous>)\n    at processTicksAndRejections (internal/process/task_queues.js:97:5)","name":"CastError","stringValue":"\"5f418d0fe448cb0350ca5f15654654\"","kind":"ObjectId","value":"5f418d0fe448cb0350ca5f15654654","path":"_id","__stackCleaned__":true,"level":"error","timestamp":"2020-08-22T21:32:21.285Z"}
{"message":"Cast to ObjectId failed for value \"5f418d0fe4482cb0350ca5f15\" at path \"_id\" for model \"Movies\"","stack":"CastError: Cast to ObjectId failed for value \"5f418d0fe4482cb0350ca5f15\" at path \"_id\" for model \"Movies\"\n    at new CastError (C:\\Users\\redli\\OneDrive\\Desktop\\movily\\movily-backend\\node_modules\\mongoose\\lib\\error\\cast.js:27:11)\n    at ObjectId.cast (C:\\Users\\redli\\OneDrive\\Desktop\\movily\\movily-backend\\node_modules\\mongoose\\lib\\schema\\objectid.js:158:13)\n    at ObjectId.SchemaType.applySetters (C:\\Users\\redli\\OneDrive\\Desktop\\movily\\movily-backend\\node_modules\\mongoose\\lib\\schematype.js:701:12)\n    at ObjectId.SchemaType._castForQuery (C:\\Users\\redli\\OneDrive\\Desktop\\movily\\movily-backend\\node_modules\\mongoose\\lib\\schematype.js:1072:15)\n    at ObjectId.castForQuery (C:\\Users\\redli\\OneDrive\\Desktop\\movily\\movily-backend\\node_modules\\mongoose\\lib\\schema\\objectid.js:198:15)\n    at ObjectId.SchemaType.castForQueryWrapper (C:\\Users\\redli\\OneDrive\\Desktop\\movily\\movily-backend\\node_modules\\mongoose\\lib\\schematype.js:1041:15)\n    at cast (C:\\Users\\redli\\OneDrive\\Desktop\\movily\\movily-backend\\node_modules\\mongoose\\lib\\cast.js:269:32)\n    at model.Query.Query.cast (C:\\Users\\redli\\OneDrive\\Desktop\\movily\\movily-backend\\node_modules\\mongoose\\lib\\query.js:3133:12)\n    at model.Query.Query._castConditions (C:\\Users\\redli\\OneDrive\\Desktop\\movily\\movily-backend\\node_modules\\mongoose\\lib\\query.js:1269:10)\n    at model.Query.Query._findOne (C:\\Users\\redli\\OneDrive\\Desktop\\movily\\movily-backend\\node_modules\\mongoose\\lib\\query.js:1485:8)\n    at C:\\Users\\redli\\OneDrive\\Desktop\\movily\\movily-backend\\node_modules\\kareem\\index.js:276:8\n    at C:\\Users\\redli\\OneDrive\\Desktop\\movily\\movily-backend\\node_modules\\kareem\\index.js:23:7\n    at processTicksAndRejections (internal/process/task_queues.js:79:11)\nFrom previous event:\n    at Object.promiseOrCallback (C:\\Users\\redli\\OneDrive\\Desktop\\movily\\movily-backend\\node_modules\\mongoose\\lib\\utils.js:221:10)\n    at model.Query.exec (C:\\Users\\redli\\OneDrive\\Desktop\\movily\\movily-backend\\node_modules\\mongoose\\lib\\query.js:2948:16)\n    at model.Query.Query.then (C:\\Users\\redli\\OneDrive\\Desktop\\movily\\movily-backend\\node_modules\\mongoose\\lib\\query.js:2975:15)\n    at runMicrotasks (<anonymous>)\n    at processTicksAndRejections (internal/process/task_queues.js:97:5)","name":"CastError","stringValue":"\"5f418d0fe4482cb0350ca5f15\"","kind":"ObjectId","value":"5f418d0fe4482cb0350ca5f15","path":"_id","__stackCleaned__":true,"level":"error","timestamp":"2020-08-22T21:32:56.331Z"}
{"level":"info","message":"Listening on port 3002...","timestamp":"2020-08-22T22:29:52.187Z"}
{"level":"info","message":"Connected to mongodb://localhost/movily...","timestamp":"2020-08-22T22:29:54.205Z"}
{"level":"info","message":"Listening on port 3002...","timestamp":"2020-08-22T22:42:15.218Z"}
{"level":"info","message":"Connected to mongodb://localhost/movily...","timestamp":"2020-08-22T22:42:17.239Z"}
{"level":"info","message":"Listening on port 3002...","timestamp":"2020-08-23T14:28:12.793Z"}
{"level":"info","message":"Connected to mongodb://localhost/movily...","timestamp":"2020-08-23T14:28:14.816Z"}
{"level":"info","message":"Listening on port 3002...","timestamp":"2020-08-23T14:28:18.514Z"}
{"level":"info","message":"Connected to mongodb://localhost/movily...","timestamp":"2020-08-23T14:28:20.532Z"}
{"level":"info","message":"Listening on port 3002...","timestamp":"2020-08-23T14:40:08.769Z"}
{"level":"info","message":"Connected to mongodb://localhost/movily...","timestamp":"2020-08-23T14:40:10.791Z"}
{"message":"Cannot read property 'isAdmin' of undefined","stack":"TypeError: Cannot read property 'isAdmin' of undefined\n    at module.exports (C:\\Users\\redli\\OneDrive\\Desktop\\movily\\movily-backend\\middleware\\admin.js:3:17)\n    at newFn (C:\\Users\\redli\\OneDrive\\Desktop\\movily\\movily-backend\\node_modules\\express-async-errors\\index.js:16:20)\n    at Layer.handle [as handle_request] (C:\\Users\\redli\\OneDrive\\Desktop\\movily\\movily-backend\\node_modules\\express\\lib\\router\\layer.js:95:5)\n    at next (C:\\Users\\redli\\OneDrive\\Desktop\\movily\\movily-backend\\node_modules\\express\\lib\\router\\route.js:137:13)\n    at Route.dispatch (C:\\Users\\redli\\OneDrive\\Desktop\\movily\\movily-backend\\node_modules\\express\\lib\\router\\route.js:112:3)\n    at newFn (C:\\Users\\redli\\OneDrive\\Desktop\\movily\\movily-backend\\node_modules\\express-async-errors\\index.js:16:20)\n    at Layer.handle [as handle_request] (C:\\Users\\redli\\OneDrive\\Desktop\\movily\\movily-backend\\node_modules\\express\\lib\\router\\layer.js:95:5)\n    at C:\\Users\\redli\\OneDrive\\Desktop\\movily\\movily-backend\\node_modules\\express\\lib\\router\\index.js:281:22\n    at param (C:\\Users\\redli\\OneDrive\\Desktop\\movily\\movily-backend\\node_modules\\express\\lib\\router\\index.js:354:14)\n    at param (C:\\Users\\redli\\OneDrive\\Desktop\\movily\\movily-backend\\node_modules\\express\\lib\\router\\index.js:365:14)\n    at Function.process_params (C:\\Users\\redli\\OneDrive\\Desktop\\movily\\movily-backend\\node_modules\\express\\lib\\router\\index.js:410:3)\n    at next (C:\\Users\\redli\\OneDrive\\Desktop\\movily\\movily-backend\\node_modules\\express\\lib\\router\\index.js:275:10)\n    at Function.handle (C:\\Users\\redli\\OneDrive\\Desktop\\movily\\movily-backend\\node_modules\\express\\lib\\router\\index.js:174:3)\n    at router (C:\\Users\\redli\\OneDrive\\Desktop\\movily\\movily-backend\\node_modules\\express\\lib\\router\\index.js:47:12)\n    at newFn (C:\\Users\\redli\\OneDrive\\Desktop\\movily\\movily-backend\\node_modules\\express-async-errors\\index.js:16:20)\n    at Layer.handle [as handle_request] (C:\\Users\\redli\\OneDrive\\Desktop\\movily\\movily-backend\\node_modules\\express\\lib\\router\\layer.js:95:5)","level":"error","timestamp":"2020-08-23T14:40:11.517Z"}
{"message":"Cannot read property 'isAdmin' of undefined","stack":"TypeError: Cannot read property 'isAdmin' of undefined\n    at module.exports (C:\\Users\\redli\\OneDrive\\Desktop\\movily\\movily-backend\\middleware\\admin.js:3:17)\n    at newFn (C:\\Users\\redli\\OneDrive\\Desktop\\movily\\movily-backend\\node_modules\\express-async-errors\\index.js:16:20)\n    at Layer.handle [as handle_request] (C:\\Users\\redli\\OneDrive\\Desktop\\movily\\movily-backend\\node_modules\\express\\lib\\router\\layer.js:95:5)\n    at next (C:\\Users\\redli\\OneDrive\\Desktop\\movily\\movily-backend\\node_modules\\express\\lib\\router\\route.js:137:13)\n    at Route.dispatch (C:\\Users\\redli\\OneDrive\\Desktop\\movily\\movily-backend\\node_modules\\express\\lib\\router\\route.js:112:3)\n    at newFn (C:\\Users\\redli\\OneDrive\\Desktop\\movily\\movily-backend\\node_modules\\express-async-errors\\index.js:16:20)\n    at Layer.handle [as handle_request] (C:\\Users\\redli\\OneDrive\\Desktop\\movily\\movily-backend\\node_modules\\express\\lib\\router\\layer.js:95:5)\n    at C:\\Users\\redli\\OneDrive\\Desktop\\movily\\movily-backend\\node_modules\\express\\lib\\router\\index.js:281:22\n    at param (C:\\Users\\redli\\OneDrive\\Desktop\\movily\\movily-backend\\node_modules\\express\\lib\\router\\index.js:354:14)\n    at param (C:\\Users\\redli\\OneDrive\\Desktop\\movily\\movily-backend\\node_modules\\express\\lib\\router\\index.js:365:14)\n    at Function.process_params (C:\\Users\\redli\\OneDrive\\Desktop\\movily\\movily-backend\\node_modules\\express\\lib\\router\\index.js:410:3)\n    at next (C:\\Users\\redli\\OneDrive\\Desktop\\movily\\movily-backend\\node_modules\\express\\lib\\router\\index.js:275:10)\n    at Function.handle (C:\\Users\\redli\\OneDrive\\Desktop\\movily\\movily-backend\\node_modules\\express\\lib\\router\\index.js:174:3)\n    at router (C:\\Users\\redli\\OneDrive\\Desktop\\movily\\movily-backend\\node_modules\\express\\lib\\router\\index.js:47:12)\n    at newFn (C:\\Users\\redli\\OneDrive\\Desktop\\movily\\movily-backend\\node_modules\\express-async-errors\\index.js:16:20)\n    at Layer.handle [as handle_request] (C:\\Users\\redli\\OneDrive\\Desktop\\movily\\movily-backend\\node_modules\\express\\lib\\router\\layer.js:95:5)","level":"error","timestamp":"2020-08-23T14:40:15.059Z"}
{"message":"Cannot read property 'isAdmin' of undefined","stack":"TypeError: Cannot read property 'isAdmin' of undefined\n    at module.exports (C:\\Users\\redli\\OneDrive\\Desktop\\movily\\movily-backend\\middleware\\admin.js:3:17)\n    at newFn (C:\\Users\\redli\\OneDrive\\Desktop\\movily\\movily-backend\\node_modules\\express-async-errors\\index.js:16:20)\n    at Layer.handle [as handle_request] (C:\\Users\\redli\\OneDrive\\Desktop\\movily\\movily-backend\\node_modules\\express\\lib\\router\\layer.js:95:5)\n    at next (C:\\Users\\redli\\OneDrive\\Desktop\\movily\\movily-backend\\node_modules\\express\\lib\\router\\route.js:137:13)\n    at Route.dispatch (C:\\Users\\redli\\OneDrive\\Desktop\\movily\\movily-backend\\node_modules\\express\\lib\\router\\route.js:112:3)\n    at newFn (C:\\Users\\redli\\OneDrive\\Desktop\\movily\\movily-backend\\node_modules\\express-async-errors\\index.js:16:20)\n    at Layer.handle [as handle_request] (C:\\Users\\redli\\OneDrive\\Desktop\\movily\\movily-backend\\node_modules\\express\\lib\\router\\layer.js:95:5)\n    at C:\\Users\\redli\\OneDrive\\Desktop\\movily\\movily-backend\\node_modules\\express\\lib\\router\\index.js:281:22\n    at param (C:\\Users\\redli\\OneDrive\\Desktop\\movily\\movily-backend\\node_modules\\express\\lib\\router\\index.js:354:14)\n    at param (C:\\Users\\redli\\OneDrive\\Desktop\\movily\\movily-backend\\node_modules\\express\\lib\\router\\index.js:365:14)\n    at Function.process_params (C:\\Users\\redli\\OneDrive\\Desktop\\movily\\movily-backend\\node_modules\\express\\lib\\router\\index.js:410:3)\n    at next (C:\\Users\\redli\\OneDrive\\Desktop\\movily\\movily-backend\\node_modules\\express\\lib\\router\\index.js:275:10)\n    at Function.handle (C:\\Users\\redli\\OneDrive\\Desktop\\movily\\movily-backend\\node_modules\\express\\lib\\router\\index.js:174:3)\n    at router (C:\\Users\\redli\\OneDrive\\Desktop\\movily\\movily-backend\\node_modules\\express\\lib\\router\\index.js:47:12)\n    at newFn (C:\\Users\\redli\\OneDrive\\Desktop\\movily\\movily-backend\\node_modules\\express-async-errors\\index.js:16:20)\n    at Layer.handle [as handle_request] (C:\\Users\\redli\\OneDrive\\Desktop\\movily\\movily-backend\\node_modules\\express\\lib\\router\\layer.js:95:5)","level":"error","timestamp":"2020-08-23T14:41:27.789Z"}
{"message":"Cannot read property 'isAdmin' of undefined","stack":"TypeError: Cannot read property 'isAdmin' of undefined\n    at module.exports (C:\\Users\\redli\\OneDrive\\Desktop\\movily\\movily-backend\\middleware\\admin.js:3:17)\n    at newFn (C:\\Users\\redli\\OneDrive\\Desktop\\movily\\movily-backend\\node_modules\\express-async-errors\\index.js:16:20)\n    at Layer.handle [as handle_request] (C:\\Users\\redli\\OneDrive\\Desktop\\movily\\movily-backend\\node_modules\\express\\lib\\router\\layer.js:95:5)\n    at next (C:\\Users\\redli\\OneDrive\\Desktop\\movily\\movily-backend\\node_modules\\express\\lib\\router\\route.js:137:13)\n    at Route.dispatch (C:\\Users\\redli\\OneDrive\\Desktop\\movily\\movily-backend\\node_modules\\express\\lib\\router\\route.js:112:3)\n    at newFn (C:\\Users\\redli\\OneDrive\\Desktop\\movily\\movily-backend\\node_modules\\express-async-errors\\index.js:16:20)\n    at Layer.handle [as handle_request] (C:\\Users\\redli\\OneDrive\\Desktop\\movily\\movily-backend\\node_modules\\express\\lib\\router\\layer.js:95:5)\n    at C:\\Users\\redli\\OneDrive\\Desktop\\movily\\movily-backend\\node_modules\\express\\lib\\router\\index.js:281:22\n    at param (C:\\Users\\redli\\OneDrive\\Desktop\\movily\\movily-backend\\node_modules\\express\\lib\\router\\index.js:354:14)\n    at param (C:\\Users\\redli\\OneDrive\\Desktop\\movily\\movily-backend\\node_modules\\express\\lib\\router\\index.js:365:14)\n    at Function.process_params (C:\\Users\\redli\\OneDrive\\Desktop\\movily\\movily-backend\\node_modules\\express\\lib\\router\\index.js:410:3)\n    at next (C:\\Users\\redli\\OneDrive\\Desktop\\movily\\movily-backend\\node_modules\\express\\lib\\router\\index.js:275:10)\n    at Function.handle (C:\\Users\\redli\\OneDrive\\Desktop\\movily\\movily-backend\\node_modules\\express\\lib\\router\\index.js:174:3)\n    at router (C:\\Users\\redli\\OneDrive\\Desktop\\movily\\movily-backend\\node_modules\\express\\lib\\router\\index.js:47:12)\n    at newFn (C:\\Users\\redli\\OneDrive\\Desktop\\movily\\movily-backend\\node_modules\\express-async-errors\\index.js:16:20)\n    at Layer.handle [as handle_request] (C:\\Users\\redli\\OneDrive\\Desktop\\movily\\movily-backend\\node_modules\\express\\lib\\router\\layer.js:95:5)","level":"error","timestamp":"2020-08-23T14:41:47.559Z"}
{"message":"Cannot read property 'isAdmin' of undefined","stack":"TypeError: Cannot read property 'isAdmin' of undefined\n    at module.exports (C:\\Users\\redli\\OneDrive\\Desktop\\movily\\movily-backend\\middleware\\admin.js:3:17)\n    at newFn (C:\\Users\\redli\\OneDrive\\Desktop\\movily\\movily-backend\\node_modules\\express-async-errors\\index.js:16:20)\n    at Layer.handle [as handle_request] (C:\\Users\\redli\\OneDrive\\Desktop\\movily\\movily-backend\\node_modules\\express\\lib\\router\\layer.js:95:5)\n    at next (C:\\Users\\redli\\OneDrive\\Desktop\\movily\\movily-backend\\node_modules\\express\\lib\\router\\route.js:137:13)\n    at Route.dispatch (C:\\Users\\redli\\OneDrive\\Desktop\\movily\\movily-backend\\node_modules\\express\\lib\\router\\route.js:112:3)\n    at newFn (C:\\Users\\redli\\OneDrive\\Desktop\\movily\\movily-backend\\node_modules\\express-async-errors\\index.js:16:20)\n    at Layer.handle [as handle_request] (C:\\Users\\redli\\OneDrive\\Desktop\\movily\\movily-backend\\node_modules\\express\\lib\\router\\layer.js:95:5)\n    at C:\\Users\\redli\\OneDrive\\Desktop\\movily\\movily-backend\\node_modules\\express\\lib\\router\\index.js:281:22\n    at param (C:\\Users\\redli\\OneDrive\\Desktop\\movily\\movily-backend\\node_modules\\express\\lib\\router\\index.js:354:14)\n    at param (C:\\Users\\redli\\OneDrive\\Desktop\\movily\\movily-backend\\node_modules\\express\\lib\\router\\index.js:365:14)\n    at Function.process_params (C:\\Users\\redli\\OneDrive\\Desktop\\movily\\movily-backend\\node_modules\\express\\lib\\router\\index.js:410:3)\n    at next (C:\\Users\\redli\\OneDrive\\Desktop\\movily\\movily-backend\\node_modules\\express\\lib\\router\\index.js:275:10)\n    at Function.handle (C:\\Users\\redli\\OneDrive\\Desktop\\movily\\movily-backend\\node_modules\\express\\lib\\router\\index.js:174:3)\n    at router (C:\\Users\\redli\\OneDrive\\Desktop\\movily\\movily-backend\\node_modules\\express\\lib\\router\\index.js:47:12)\n    at newFn (C:\\Users\\redli\\OneDrive\\Desktop\\movily\\movily-backend\\node_modules\\express-async-errors\\index.js:16:20)\n    at Layer.handle [as handle_request] (C:\\Users\\redli\\OneDrive\\Desktop\\movily\\movily-backend\\node_modules\\express\\lib\\router\\layer.js:95:5)","level":"error","timestamp":"2020-08-23T14:42:20.340Z"}
{"message":"Cannot read property 'isAdmin' of undefined","stack":"TypeError: Cannot read property 'isAdmin' of undefined\n    at module.exports (C:\\Users\\redli\\OneDrive\\Desktop\\movily\\movily-backend\\middleware\\admin.js:3:17)\n    at newFn (C:\\Users\\redli\\OneDrive\\Desktop\\movily\\movily-backend\\node_modules\\express-async-errors\\index.js:16:20)\n    at Layer.handle [as handle_request] (C:\\Users\\redli\\OneDrive\\Desktop\\movily\\movily-backend\\node_modules\\express\\lib\\router\\layer.js:95:5)\n    at next (C:\\Users\\redli\\OneDrive\\Desktop\\movily\\movily-backend\\node_modules\\express\\lib\\router\\route.js:137:13)\n    at Route.dispatch (C:\\Users\\redli\\OneDrive\\Desktop\\movily\\movily-backend\\node_modules\\express\\lib\\router\\route.js:112:3)\n    at newFn (C:\\Users\\redli\\OneDrive\\Desktop\\movily\\movily-backend\\node_modules\\express-async-errors\\index.js:16:20)\n    at Layer.handle [as handle_request] (C:\\Users\\redli\\OneDrive\\Desktop\\movily\\movily-backend\\node_modules\\express\\lib\\router\\layer.js:95:5)\n    at C:\\Users\\redli\\OneDrive\\Desktop\\movily\\movily-backend\\node_modules\\express\\lib\\router\\index.js:281:22\n    at param (C:\\Users\\redli\\OneDrive\\Desktop\\movily\\movily-backend\\node_modules\\express\\lib\\router\\index.js:354:14)\n    at param (C:\\Users\\redli\\OneDrive\\Desktop\\movily\\movily-backend\\node_modules\\express\\lib\\router\\index.js:365:14)\n    at Function.process_params (C:\\Users\\redli\\OneDrive\\Desktop\\movily\\movily-backend\\node_modules\\express\\lib\\router\\index.js:410:3)\n    at next (C:\\Users\\redli\\OneDrive\\Desktop\\movily\\movily-backend\\node_modules\\express\\lib\\router\\index.js:275:10)\n    at Function.handle (C:\\Users\\redli\\OneDrive\\Desktop\\movily\\movily-backend\\node_modules\\express\\lib\\router\\index.js:174:3)\n    at router (C:\\Users\\redli\\OneDrive\\Desktop\\movily\\movily-backend\\node_modules\\express\\lib\\router\\index.js:47:12)\n    at newFn (C:\\Users\\redli\\OneDrive\\Desktop\\movily\\movily-backend\\node_modules\\express-async-errors\\index.js:16:20)\n    at Layer.handle [as handle_request] (C:\\Users\\redli\\OneDrive\\Desktop\\movily\\movily-backend\\node_modules\\express\\lib\\router\\layer.js:95:5)","level":"error","timestamp":"2020-08-23T14:42:29.974Z"}
{"message":"Cannot read property 'isAdmin' of undefined","stack":"TypeError: Cannot read property 'isAdmin' of undefined\n    at module.exports (C:\\Users\\redli\\OneDrive\\Desktop\\movily\\movily-backend\\middleware\\admin.js:3:17)\n    at newFn (C:\\Users\\redli\\OneDrive\\Desktop\\movily\\movily-backend\\node_modules\\express-async-errors\\index.js:16:20)\n    at Layer.handle [as handle_request] (C:\\Users\\redli\\OneDrive\\Desktop\\movily\\movily-backend\\node_modules\\express\\lib\\router\\layer.js:95:5)\n    at next (C:\\Users\\redli\\OneDrive\\Desktop\\movily\\movily-backend\\node_modules\\express\\lib\\router\\route.js:137:13)\n    at Route.dispatch (C:\\Users\\redli\\OneDrive\\Desktop\\movily\\movily-backend\\node_modules\\express\\lib\\router\\route.js:112:3)\n    at newFn (C:\\Users\\redli\\OneDrive\\Desktop\\movily\\movily-backend\\node_modules\\express-async-errors\\index.js:16:20)\n    at Layer.handle [as handle_request] (C:\\Users\\redli\\OneDrive\\Desktop\\movily\\movily-backend\\node_modules\\express\\lib\\router\\layer.js:95:5)\n    at C:\\Users\\redli\\OneDrive\\Desktop\\movily\\movily-backend\\node_modules\\express\\lib\\router\\index.js:281:22\n    at param (C:\\Users\\redli\\OneDrive\\Desktop\\movily\\movily-backend\\node_modules\\express\\lib\\router\\index.js:354:14)\n    at param (C:\\Users\\redli\\OneDrive\\Desktop\\movily\\movily-backend\\node_modules\\express\\lib\\router\\index.js:365:14)\n    at Function.process_params (C:\\Users\\redli\\OneDrive\\Desktop\\movily\\movily-backend\\node_modules\\express\\lib\\router\\index.js:410:3)\n    at next (C:\\Users\\redli\\OneDrive\\Desktop\\movily\\movily-backend\\node_modules\\express\\lib\\router\\index.js:275:10)\n    at Function.handle (C:\\Users\\redli\\OneDrive\\Desktop\\movily\\movily-backend\\node_modules\\express\\lib\\router\\index.js:174:3)\n    at router (C:\\Users\\redli\\OneDrive\\Desktop\\movily\\movily-backend\\node_modules\\express\\lib\\router\\index.js:47:12)\n    at newFn (C:\\Users\\redli\\OneDrive\\Desktop\\movily\\movily-backend\\node_modules\\express-async-errors\\index.js:16:20)\n    at Layer.handle [as handle_request] (C:\\Users\\redli\\OneDrive\\Desktop\\movily\\movily-backend\\node_modules\\express\\lib\\router\\layer.js:95:5)","level":"error","timestamp":"2020-08-23T14:43:23.024Z"}
{"message":"Cannot read property 'isAdmin' of undefined","stack":"TypeError: Cannot read property 'isAdmin' of undefined\n    at module.exports (C:\\Users\\redli\\OneDrive\\Desktop\\movily\\movily-backend\\middleware\\admin.js:3:17)\n    at newFn (C:\\Users\\redli\\OneDrive\\Desktop\\movily\\movily-backend\\node_modules\\express-async-errors\\index.js:16:20)\n    at Layer.handle [as handle_request] (C:\\Users\\redli\\OneDrive\\Desktop\\movily\\movily-backend\\node_modules\\express\\lib\\router\\layer.js:95:5)\n    at next (C:\\Users\\redli\\OneDrive\\Desktop\\movily\\movily-backend\\node_modules\\express\\lib\\router\\route.js:137:13)\n    at Route.dispatch (C:\\Users\\redli\\OneDrive\\Desktop\\movily\\movily-backend\\node_modules\\express\\lib\\router\\route.js:112:3)\n    at newFn (C:\\Users\\redli\\OneDrive\\Desktop\\movily\\movily-backend\\node_modules\\express-async-errors\\index.js:16:20)\n    at Layer.handle [as handle_request] (C:\\Users\\redli\\OneDrive\\Desktop\\movily\\movily-backend\\node_modules\\express\\lib\\router\\layer.js:95:5)\n    at C:\\Users\\redli\\OneDrive\\Desktop\\movily\\movily-backend\\node_modules\\express\\lib\\router\\index.js:281:22\n    at param (C:\\Users\\redli\\OneDrive\\Desktop\\movily\\movily-backend\\node_modules\\express\\lib\\router\\index.js:354:14)\n    at param (C:\\Users\\redli\\OneDrive\\Desktop\\movily\\movily-backend\\node_modules\\express\\lib\\router\\index.js:365:14)\n    at Function.process_params (C:\\Users\\redli\\OneDrive\\Desktop\\movily\\movily-backend\\node_modules\\express\\lib\\router\\index.js:410:3)\n    at next (C:\\Users\\redli\\OneDrive\\Desktop\\movily\\movily-backend\\node_modules\\express\\lib\\router\\index.js:275:10)\n    at Function.handle (C:\\Users\\redli\\OneDrive\\Desktop\\movily\\movily-backend\\node_modules\\express\\lib\\router\\index.js:174:3)\n    at router (C:\\Users\\redli\\OneDrive\\Desktop\\movily\\movily-backend\\node_modules\\express\\lib\\router\\index.js:47:12)\n    at newFn (C:\\Users\\redli\\OneDrive\\Desktop\\movily\\movily-backend\\node_modules\\express-async-errors\\index.js:16:20)\n    at Layer.handle [as handle_request] (C:\\Users\\redli\\OneDrive\\Desktop\\movily\\movily-backend\\node_modules\\express\\lib\\router\\layer.js:95:5)","level":"error","timestamp":"2020-08-23T14:44:14.883Z"}
{"message":"Cannot read property 'isAdmin' of undefined","stack":"TypeError: Cannot read property 'isAdmin' of undefined\n    at module.exports (C:\\Users\\redli\\OneDrive\\Desktop\\movily\\movily-backend\\middleware\\admin.js:3:17)\n    at newFn (C:\\Users\\redli\\OneDrive\\Desktop\\movily\\movily-backend\\node_modules\\express-async-errors\\index.js:16:20)\n    at Layer.handle [as handle_request] (C:\\Users\\redli\\OneDrive\\Desktop\\movily\\movily-backend\\node_modules\\express\\lib\\router\\layer.js:95:5)\n    at next (C:\\Users\\redli\\OneDrive\\Desktop\\movily\\movily-backend\\node_modules\\express\\lib\\router\\route.js:137:13)\n    at Route.dispatch (C:\\Users\\redli\\OneDrive\\Desktop\\movily\\movily-backend\\node_modules\\express\\lib\\router\\route.js:112:3)\n    at newFn (C:\\Users\\redli\\OneDrive\\Desktop\\movily\\movily-backend\\node_modules\\express-async-errors\\index.js:16:20)\n    at Layer.handle [as handle_request] (C:\\Users\\redli\\OneDrive\\Desktop\\movily\\movily-backend\\node_modules\\express\\lib\\router\\layer.js:95:5)\n    at C:\\Users\\redli\\OneDrive\\Desktop\\movily\\movily-backend\\node_modules\\express\\lib\\router\\index.js:281:22\n    at param (C:\\Users\\redli\\OneDrive\\Desktop\\movily\\movily-backend\\node_modules\\express\\lib\\router\\index.js:354:14)\n    at param (C:\\Users\\redli\\OneDrive\\Desktop\\movily\\movily-backend\\node_modules\\express\\lib\\router\\index.js:365:14)\n    at Function.process_params (C:\\Users\\redli\\OneDrive\\Desktop\\movily\\movily-backend\\node_modules\\express\\lib\\router\\index.js:410:3)\n    at next (C:\\Users\\redli\\OneDrive\\Desktop\\movily\\movily-backend\\node_modules\\express\\lib\\router\\index.js:275:10)\n    at Function.handle (C:\\Users\\redli\\OneDrive\\Desktop\\movily\\movily-backend\\node_modules\\express\\lib\\router\\index.js:174:3)\n    at router (C:\\Users\\redli\\OneDrive\\Desktop\\movily\\movily-backend\\node_modules\\express\\lib\\router\\index.js:47:12)\n    at newFn (C:\\Users\\redli\\OneDrive\\Desktop\\movily\\movily-backend\\node_modules\\express-async-errors\\index.js:16:20)\n    at Layer.handle [as handle_request] (C:\\Users\\redli\\OneDrive\\Desktop\\movily\\movily-backend\\node_modules\\express\\lib\\router\\layer.js:95:5)","level":"error","timestamp":"2020-08-23T14:44:16.394Z"}
{"message":"Cannot read property 'isAdmin' of undefined","stack":"TypeError: Cannot read property 'isAdmin' of undefined\n    at module.exports (C:\\Users\\redli\\OneDrive\\Desktop\\movily\\movily-backend\\middleware\\admin.js:3:17)\n    at newFn (C:\\Users\\redli\\OneDrive\\Desktop\\movily\\movily-backend\\node_modules\\express-async-errors\\index.js:16:20)\n    at Layer.handle [as handle_request] (C:\\Users\\redli\\OneDrive\\Desktop\\movily\\movily-backend\\node_modules\\express\\lib\\router\\layer.js:95:5)\n    at next (C:\\Users\\redli\\OneDrive\\Desktop\\movily\\movily-backend\\node_modules\\express\\lib\\router\\route.js:137:13)\n    at Route.dispatch (C:\\Users\\redli\\OneDrive\\Desktop\\movily\\movily-backend\\node_modules\\express\\lib\\router\\route.js:112:3)\n    at newFn (C:\\Users\\redli\\OneDrive\\Desktop\\movily\\movily-backend\\node_modules\\express-async-errors\\index.js:16:20)\n    at Layer.handle [as handle_request] (C:\\Users\\redli\\OneDrive\\Desktop\\movily\\movily-backend\\node_modules\\express\\lib\\router\\layer.js:95:5)\n    at C:\\Users\\redli\\OneDrive\\Desktop\\movily\\movily-backend\\node_modules\\express\\lib\\router\\index.js:281:22\n    at param (C:\\Users\\redli\\OneDrive\\Desktop\\movily\\movily-backend\\node_modules\\express\\lib\\router\\index.js:354:14)\n    at param (C:\\Users\\redli\\OneDrive\\Desktop\\movily\\movily-backend\\node_modules\\express\\lib\\router\\index.js:365:14)\n    at Function.process_params (C:\\Users\\redli\\OneDrive\\Desktop\\movily\\movily-backend\\node_modules\\express\\lib\\router\\index.js:410:3)\n    at next (C:\\Users\\redli\\OneDrive\\Desktop\\movily\\movily-backend\\node_modules\\express\\lib\\router\\index.js:275:10)\n    at Function.handle (C:\\Users\\redli\\OneDrive\\Desktop\\movily\\movily-backend\\node_modules\\express\\lib\\router\\index.js:174:3)\n    at router (C:\\Users\\redli\\OneDrive\\Desktop\\movily\\movily-backend\\node_modules\\express\\lib\\router\\index.js:47:12)\n    at newFn (C:\\Users\\redli\\OneDrive\\Desktop\\movily\\movily-backend\\node_modules\\express-async-errors\\index.js:16:20)\n    at Layer.handle [as handle_request] (C:\\Users\\redli\\OneDrive\\Desktop\\movily\\movily-backend\\node_modules\\express\\lib\\router\\layer.js:95:5)","level":"error","timestamp":"2020-08-23T14:44:30.367Z"}
{"message":"Cannot read property 'isAdmin' of undefined","stack":"TypeError: Cannot read property 'isAdmin' of undefined\n    at module.exports (C:\\Users\\redli\\OneDrive\\Desktop\\movily\\movily-backend\\middleware\\admin.js:3:17)\n    at newFn (C:\\Users\\redli\\OneDrive\\Desktop\\movily\\movily-backend\\node_modules\\express-async-errors\\index.js:16:20)\n    at Layer.handle [as handle_request] (C:\\Users\\redli\\OneDrive\\Desktop\\movily\\movily-backend\\node_modules\\express\\lib\\router\\layer.js:95:5)\n    at next (C:\\Users\\redli\\OneDrive\\Desktop\\movily\\movily-backend\\node_modules\\express\\lib\\router\\route.js:137:13)\n    at Route.dispatch (C:\\Users\\redli\\OneDrive\\Desktop\\movily\\movily-backend\\node_modules\\express\\lib\\router\\route.js:112:3)\n    at newFn (C:\\Users\\redli\\OneDrive\\Desktop\\movily\\movily-backend\\node_modules\\express-async-errors\\index.js:16:20)\n    at Layer.handle [as handle_request] (C:\\Users\\redli\\OneDrive\\Desktop\\movily\\movily-backend\\node_modules\\express\\lib\\router\\layer.js:95:5)\n    at C:\\Users\\redli\\OneDrive\\Desktop\\movily\\movily-backend\\node_modules\\express\\lib\\router\\index.js:281:22\n    at param (C:\\Users\\redli\\OneDrive\\Desktop\\movily\\movily-backend\\node_modules\\express\\lib\\router\\index.js:354:14)\n    at param (C:\\Users\\redli\\OneDrive\\Desktop\\movily\\movily-backend\\node_modules\\express\\lib\\router\\index.js:365:14)\n    at Function.process_params (C:\\Users\\redli\\OneDrive\\Desktop\\movily\\movily-backend\\node_modules\\express\\lib\\router\\index.js:410:3)\n    at next (C:\\Users\\redli\\OneDrive\\Desktop\\movily\\movily-backend\\node_modules\\express\\lib\\router\\index.js:275:10)\n    at Function.handle (C:\\Users\\redli\\OneDrive\\Desktop\\movily\\movily-backend\\node_modules\\express\\lib\\router\\index.js:174:3)\n    at router (C:\\Users\\redli\\OneDrive\\Desktop\\movily\\movily-backend\\node_modules\\express\\lib\\router\\index.js:47:12)\n    at newFn (C:\\Users\\redli\\OneDrive\\Desktop\\movily\\movily-backend\\node_modules\\express-async-errors\\index.js:16:20)\n    at Layer.handle [as handle_request] (C:\\Users\\redli\\OneDrive\\Desktop\\movily\\movily-backend\\node_modules\\express\\lib\\router\\layer.js:95:5)","level":"error","timestamp":"2020-08-23T14:47:08.553Z"}
{"level":"info","message":"Listening on port 3002...","timestamp":"2020-08-23T14:47:50.572Z"}
{"message":"Cannot read property 'isAdmin' of undefined","stack":"TypeError: Cannot read property 'isAdmin' of undefined\n    at module.exports (C:\\Users\\redli\\OneDrive\\Desktop\\movily\\movily-backend\\middleware\\admin.js:3:17)\n    at newFn (C:\\Users\\redli\\OneDrive\\Desktop\\movily\\movily-backend\\node_modules\\express-async-errors\\index.js:16:20)\n    at Layer.handle [as handle_request] (C:\\Users\\redli\\OneDrive\\Desktop\\movily\\movily-backend\\node_modules\\express\\lib\\router\\layer.js:95:5)\n    at next (C:\\Users\\redli\\OneDrive\\Desktop\\movily\\movily-backend\\node_modules\\express\\lib\\router\\route.js:137:13)\n    at Route.dispatch (C:\\Users\\redli\\OneDrive\\Desktop\\movily\\movily-backend\\node_modules\\express\\lib\\router\\route.js:112:3)\n    at newFn (C:\\Users\\redli\\OneDrive\\Desktop\\movily\\movily-backend\\node_modules\\express-async-errors\\index.js:16:20)\n    at Layer.handle [as handle_request] (C:\\Users\\redli\\OneDrive\\Desktop\\movily\\movily-backend\\node_modules\\express\\lib\\router\\layer.js:95:5)\n    at C:\\Users\\redli\\OneDrive\\Desktop\\movily\\movily-backend\\node_modules\\express\\lib\\router\\index.js:281:22\n    at param (C:\\Users\\redli\\OneDrive\\Desktop\\movily\\movily-backend\\node_modules\\express\\lib\\router\\index.js:354:14)\n    at param (C:\\Users\\redli\\OneDrive\\Desktop\\movily\\movily-backend\\node_modules\\express\\lib\\router\\index.js:365:14)\n    at Function.process_params (C:\\Users\\redli\\OneDrive\\Desktop\\movily\\movily-backend\\node_modules\\express\\lib\\router\\index.js:410:3)\n    at next (C:\\Users\\redli\\OneDrive\\Desktop\\movily\\movily-backend\\node_modules\\express\\lib\\router\\index.js:275:10)\n    at Function.handle (C:\\Users\\redli\\OneDrive\\Desktop\\movily\\movily-backend\\node_modules\\express\\lib\\router\\index.js:174:3)\n    at router (C:\\Users\\redli\\OneDrive\\Desktop\\movily\\movily-backend\\node_modules\\express\\lib\\router\\index.js:47:12)\n    at newFn (C:\\Users\\redli\\OneDrive\\Desktop\\movily\\movily-backend\\node_modules\\express-async-errors\\index.js:16:20)\n    at Layer.handle [as handle_request] (C:\\Users\\redli\\OneDrive\\Desktop\\movily\\movily-backend\\node_modules\\express\\lib\\router\\layer.js:95:5)","level":"error","timestamp":"2020-08-23T14:47:51.815Z"}
{"level":"info","message":"Connected to mongodb://localhost/movily...","timestamp":"2020-08-23T14:47:52.589Z"}
{"level":"info","message":"Listening on port 3002...","timestamp":"2020-08-23T14:49:20.148Z"}
{"level":"info","message":"Connected to mongodb://localhost/movily...","timestamp":"2020-08-23T14:49:22.178Z"}
{"level":"info","message":"Listening on port 3002...","timestamp":"2020-08-23T14:52:28.855Z"}
{"level":"info","message":"Connected to mongodb://localhost/movily...","timestamp":"2020-08-23T14:52:30.874Z"}
{"level":"info","message":"Listening on port 3002...","timestamp":"2020-08-23T17:06:46.225Z"}
{"level":"info","message":"Connected to mongodb://localhost/movily...","timestamp":"2020-08-23T17:06:48.271Z"}
{"level":"info","message":"Listening on port 3002...","timestamp":"2020-08-23T17:17:19.981Z"}
{"level":"info","message":"Connected to mongodb://localhost/movily...","timestamp":"2020-08-23T17:17:22.003Z"}
